<?xml version='1.0' encoding='UTF-8' ?>
<testsuite errors="0" failures="0" hostname="yogurtsdeiMac.local" name="UITestDemoUITests" tests="1" time="23.523" timestamp="2018-08-14 15:55:34 +0800"><testcase classname='UITestDemoUITests' name='testExample' time='23.522' />
</testsuite>
