<?xml version='1.0' encoding='UTF-8' ?>
<testsuite errors="0" failures="1" hostname="yogurtsdeiMac.local" name="UITestDemoUITests" tests="1" time="6.409" timestamp="2018-08-14 16:49:08 +0800"><testcase classname='UITestDemoUITests' name='testExample' time='6.406' />
</testsuite>
